<?xml version="1.0" encoding="UTF-8"?>
<!-- Generated by org.testng.reporters.JUnitReportReporter -->
<testsuite skipped="0" hostname="ip-172-31-76-79" name="Test.Testcase2" tests="1" failures="0" timestamp="2021-06-19T07:05:10 UTC" time="0.006" errors="0">
  <testcase name="HomepageTest" time="0.006" classname="Test.Testcase2"/>
  <system-out/>
</testsuite> <!-- Test.Testcase2 -->
