<?xml version="1.0" encoding="UTF-8"?>
<!-- Generated by org.testng.reporters.JUnitReportReporter -->
<testsuite skipped="0" hostname="ip-172-31-76-79" name="Test.Testcase1" tests="3" failures="0" timestamp="2021-06-19T06:18:36 UTC" time="0.010" errors="0">
  <testcase name="SignUpTest" time="0.002" classname="Test.Testcase1"/>
  <system-out/>
  <testcase name="RandomName" time="0.001" classname="Test.Testcase1"/>
  <system-out/>
  <testcase name="LoginTest" time="0.007" classname="Test.Testcase1"/>
  <system-out/>
</testsuite> <!-- Test.Testcase1 -->
