<?xml version="1.0" encoding="UTF-8"?>
<!-- Generated by org.testng.reporters.JUnitReportReporter -->
<testsuite skipped="0" hostname="ip-172-31-76-79" name="test.ProductSelectionTest" tests="1" failures="0" timestamp="2021-07-01T07:53:32 UTC" time="2.896" errors="0">
  <testcase name="testcase1" time="2.896" classname="test.ProductSelectionTest"/>
  <system-out/>
</testsuite> <!-- test.ProductSelectionTest -->
