<?xml version="1.0" encoding="UTF-8"?>
<!-- Generated by org.testng.reporters.JUnitReportReporter -->
<testsuite skipped="0" hostname="ip-172-31-76-79" name="test.ParallelExecution" tests="2" failures="0" timestamp="2021-07-10T03:28:46 UTC" time="3.954" errors="0">
  <testcase name="Testcase1" time="2.357" classname="test.ParallelExecution"/>
  <system-out/>
  <testcase name="Testcase2" time="1.597" classname="test.ParallelExecution"/>
  <system-out/>
</testsuite> <!-- test.ParallelExecution -->
