<?xml version="1.0" encoding="UTF-8"?>
<!-- Generated by org.testng.reporters.JUnitReportReporter -->
<testsuite skipped="0" hostname="ip-172-31-76-79" name="tdd.PrimeNumberTest" tests="2" failures="0" timestamp="2021-07-10T06:14:41 UTC" time="0.008" errors="0">
  <testcase name="NegativeTest" time="0.008" classname="tdd.PrimeNumberTest"/>
  <system-out/>
  <testcase name="PositiveTest" time="0.000" classname="tdd.PrimeNumberTest"/>
  <system-out/>
</testsuite> <!-- tdd.PrimeNumberTest -->
